<?xml version="1.0" encoding="UTF-8"?>
<robot generator="Robot 3.2.2 (Python 3.6.4 on win32)" generated="20201104 12:12:28.523" rpa="false">
<suite id="s1" name="Test" source="C:\Users\omistaja\PycharmProjects\robotframework\tests\test.robot">
<test id="s1-t1" name="Open ParaBank">
<kw name="Open browser to front page" library="keywords">
<kw name="Set Selenium Timeout" library="SeleniumLibrary">
<doc>Sets the timeout that is used by various keywords.</doc>
<arguments>
<arg>${SELENIUM TIMEOUT TIME}</arg>
</arguments>
<status status="PASS" starttime="20201104 12:12:28.821" endtime="20201104 12:12:28.821"></status>
</kw>
<kw name="Open Browser" library="SeleniumLibrary">
<doc>Opens a new browser instance to the optional ``url``.</doc>
<arguments>
<arg>${URL FOR BROWSER}</arg>
<arg>${BROWSER NAME}</arg>
</arguments>
<msg timestamp="20201104 12:12:28.822" level="INFO">Opening browser 'chrome' to base url 'https://parabank.parasoft.com/parabank/index.htm'.</msg>
<status status="PASS" starttime="20201104 12:12:28.822" endtime="20201104 12:12:35.522"></status>
</kw>
<status status="PASS" starttime="20201104 12:12:28.821" endtime="20201104 12:12:35.522"></status>
</kw>
<kw name="Open index page" library="keywords">
<kw name="Wait Until Element Is Visible" library="SeleniumLibrary">
<doc>Waits until the element ``locator`` is visible.</doc>
<arguments>
<arg>${PARABANK TITLE}</arg>
</arguments>
<status status="PASS" starttime="20201104 12:12:35.524" endtime="20201104 12:12:35.556"></status>
</kw>
<status status="PASS" starttime="20201104 12:12:35.523" endtime="20201104 12:12:35.556"></status>
</kw>
<status status="PASS" starttime="20201104 12:12:28.819" endtime="20201104 12:12:35.557" critical="yes"></status>
</test>
<test id="s1-t2" name="Login with wrong credentials">
<kw name="Wrong password" library="keywords">
<kw name="Wait Until Element Is Visible" library="SeleniumLibrary">
<doc>Waits until the element ``locator`` is visible.</doc>
<arguments>
<arg>${PASSWORD INPUT}</arg>
</arguments>
<status status="PASS" starttime="20201104 12:12:35.561" endtime="20201104 12:12:35.586"></status>
</kw>
<kw name="Input Text" library="SeleniumLibrary">
<doc>Types the given ``text`` into the text field identified by ``locator``.</doc>
<arguments>
<arg>${USERNAME INPUT}</arg>
<arg>${USERNAME}</arg>
</arguments>
<msg timestamp="20201104 12:12:35.587" level="INFO">Typing text 'user' into text field 'name=username'.</msg>
<status status="PASS" starttime="20201104 12:12:35.587" endtime="20201104 12:12:35.651"></status>
</kw>
<kw name="Input Text" library="SeleniumLibrary">
<doc>Types the given ``text`` into the text field identified by ``locator``.</doc>
<arguments>
<arg>${PASSWORD INPUT}</arg>
<arg>wrong</arg>
</arguments>
<msg timestamp="20201104 12:12:35.652" level="INFO">Typing text 'wrong' into text field 'name=password'.</msg>
<status status="PASS" starttime="20201104 12:12:35.651" endtime="20201104 12:12:35.728"></status>
</kw>
<kw name="Click Button" library="SeleniumLibrary">
<doc>Clicks the button identified by ``locator``.</doc>
<arguments>
<arg>${LOGIN BUTTON}</arg>
</arguments>
<msg timestamp="20201104 12:12:35.729" level="INFO">Clicking button '//input[@value='Log In']'.</msg>
<status status="PASS" starttime="20201104 12:12:35.728" endtime="20201104 12:12:36.221"></status>
</kw>
<kw name="Wait Until Element Is Visible" library="SeleniumLibrary">
<doc>Waits until the element ``locator`` is visible.</doc>
<arguments>
<arg>${ERROR MESSAGE TEXT}</arg>
</arguments>
<status status="PASS" starttime="20201104 12:12:36.221" endtime="20201104 12:12:36.246"></status>
</kw>
<kw name="Element Text Should Be" library="SeleniumLibrary">
<doc>Verifies that element ``locator`` contains exact the text ``expected``.</doc>
<arguments>
<arg>${ERROR MESSAGE TEXT}</arg>
<arg>${ERROR MESSAGE 1}</arg>
</arguments>
<msg timestamp="20201104 12:12:36.246" level="INFO">Verifying element 'class=error' contains exact text 'The username and password could not be verified.'.</msg>
<status status="PASS" starttime="20201104 12:12:36.246" endtime="20201104 12:12:36.266"></status>
</kw>
<status status="PASS" starttime="20201104 12:12:35.561" endtime="20201104 12:12:36.267"></status>
</kw>
<kw name="Wrong username" library="keywords">
<kw name="Wait Until Element Is Visible" library="SeleniumLibrary">
<doc>Waits until the element ``locator`` is visible.</doc>
<arguments>
<arg>${USERNAME INPUT}</arg>
</arguments>
<status status="PASS" starttime="20201104 12:12:36.267" endtime="20201104 12:12:36.286"></status>
</kw>
<kw name="Input Text" library="SeleniumLibrary">
<doc>Types the given ``text`` into the text field identified by ``locator``.</doc>
<arguments>
<arg>${USERNAME INPUT}</arg>
<arg>wrong</arg>
</arguments>
<msg timestamp="20201104 12:12:36.287" level="INFO">Typing text 'wrong' into text field 'name=username'.</msg>
<status status="PASS" starttime="20201104 12:12:36.286" endtime="20201104 12:12:36.360"></status>
</kw>
<kw name="Input Text" library="SeleniumLibrary">
<doc>Types the given ``text`` into the text field identified by ``locator``.</doc>
<arguments>
<arg>${PASSWORD INPUT}</arg>
<arg>${PASSWORD}</arg>
</arguments>
<msg timestamp="20201104 12:12:36.361" level="INFO">Typing text 'user' into text field 'name=password'.</msg>
<status status="PASS" starttime="20201104 12:12:36.361" endtime="20201104 12:12:36.442"></status>
</kw>
<kw name="Click Button" library="SeleniumLibrary">
<doc>Clicks the button identified by ``locator``.</doc>
<arguments>
<arg>${LOGIN BUTTON}</arg>
</arguments>
<msg timestamp="20201104 12:12:36.443" level="INFO">Clicking button '//input[@value='Log In']'.</msg>
<status status="PASS" starttime="20201104 12:12:36.442" endtime="20201104 12:12:37.398"></status>
</kw>
<kw name="Wait Until Element Is Visible" library="SeleniumLibrary">
<doc>Waits until the element ``locator`` is visible.</doc>
<arguments>
<arg>${ERROR MESSAGE TEXT}</arg>
</arguments>
<status status="PASS" starttime="20201104 12:12:37.398" endtime="20201104 12:12:37.418"></status>
</kw>
<kw name="Element Text Should Be" library="SeleniumLibrary">
<doc>Verifies that element ``locator`` contains exact the text ``expected``.</doc>
<arguments>
<arg>${ERROR MESSAGE TEXT}</arg>
<arg>${ERROR MESSAGE 1}</arg>
</arguments>
<msg timestamp="20201104 12:12:37.419" level="INFO">Verifying element 'class=error' contains exact text 'The username and password could not be verified.'.</msg>
<status status="PASS" starttime="20201104 12:12:37.418" endtime="20201104 12:12:37.436"></status>
</kw>
<status status="PASS" starttime="20201104 12:12:36.267" endtime="20201104 12:12:37.437"></status>
</kw>
<kw name="Wrong both" library="keywords">
<kw name="Wait Until Element Is Visible" library="SeleniumLibrary">
<doc>Waits until the element ``locator`` is visible.</doc>
<arguments>
<arg>${USERNAME INPUT}</arg>
</arguments>
<status status="PASS" starttime="20201104 12:12:37.437" endtime="20201104 12:12:37.452"></status>
</kw>
<kw name="Wait Until Element Is Visible" library="SeleniumLibrary">
<doc>Waits until the element ``locator`` is visible.</doc>
<arguments>
<arg>${PASSWORD INPUT}</arg>
</arguments>
<status status="PASS" starttime="20201104 12:12:37.452" endtime="20201104 12:12:37.468"></status>
</kw>
<kw name="Input Text" library="SeleniumLibrary">
<doc>Types the given ``text`` into the text field identified by ``locator``.</doc>
<arguments>
<arg>${USERNAME INPUT}</arg>
<arg>wrong</arg>
</arguments>
<msg timestamp="20201104 12:12:37.469" level="INFO">Typing text 'wrong' into text field 'name=username'.</msg>
<status status="PASS" starttime="20201104 12:12:37.468" endtime="20201104 12:12:37.525"></status>
</kw>
<kw name="Input Text" library="SeleniumLibrary">
<doc>Types the given ``text`` into the text field identified by ``locator``.</doc>
<arguments>
<arg>${PASSWORD INPUT}</arg>
<arg>wrong</arg>
</arguments>
<msg timestamp="20201104 12:12:37.526" level="INFO">Typing text 'wrong' into text field 'name=password'.</msg>
<status status="PASS" starttime="20201104 12:12:37.525" endtime="20201104 12:12:37.600"></status>
</kw>
<kw name="Click Button" library="SeleniumLibrary">
<doc>Clicks the button identified by ``locator``.</doc>
<arguments>
<arg>${LOGIN BUTTON}</arg>
</arguments>
<msg timestamp="20201104 12:12:37.600" level="INFO">Clicking button '//input[@value='Log In']'.</msg>
<status status="PASS" starttime="20201104 12:12:37.600" endtime="20201104 12:12:37.947"></status>
</kw>
<kw name="Wait Until Element Is Visible" library="SeleniumLibrary">
<doc>Waits until the element ``locator`` is visible.</doc>
<arguments>
<arg>${ERROR MESSAGE TEXT}</arg>
</arguments>
<status status="PASS" starttime="20201104 12:12:37.948" endtime="20201104 12:12:37.967"></status>
</kw>
<kw name="Element Text Should Be" library="SeleniumLibrary">
<doc>Verifies that element ``locator`` contains exact the text ``expected``.</doc>
<arguments>
<arg>${ERROR MESSAGE TEXT}</arg>
<arg>${ERROR MESSAGE 1}</arg>
</arguments>
<msg timestamp="20201104 12:12:37.967" level="INFO">Verifying element 'class=error' contains exact text 'The username and password could not be verified.'.</msg>
<status status="PASS" starttime="20201104 12:12:37.967" endtime="20201104 12:12:37.986"></status>
</kw>
<status status="PASS" starttime="20201104 12:12:37.437" endtime="20201104 12:12:37.986"></status>
</kw>
<status status="PASS" starttime="20201104 12:12:35.560" endtime="20201104 12:12:37.987" critical="yes"></status>
</test>
<test id="s1-t3" name="Login with right credentials">
<kw name="Login into ParaBank" library="keywords">
<kw name="Wait Until Element Is Visible" library="SeleniumLibrary">
<doc>Waits until the element ``locator`` is visible.</doc>
<arguments>
<arg>${USERNAME INPUT}</arg>
</arguments>
<status status="PASS" starttime="20201104 12:12:37.990" endtime="20201104 12:12:38.008"></status>
</kw>
<kw name="Wait Until Element Is Visible" library="SeleniumLibrary">
<doc>Waits until the element ``locator`` is visible.</doc>
<arguments>
<arg>${PASSWORD INPUT}</arg>
</arguments>
<status status="PASS" starttime="20201104 12:12:38.009" endtime="20201104 12:12:38.026"></status>
</kw>
<kw name="Input Text" library="SeleniumLibrary">
<doc>Types the given ``text`` into the text field identified by ``locator``.</doc>
<arguments>
<arg>${USERNAME INPUT}</arg>
<arg>${USERNAME}</arg>
</arguments>
<msg timestamp="20201104 12:12:38.027" level="INFO">Typing text 'user' into text field 'name=username'.</msg>
<status status="PASS" starttime="20201104 12:12:38.027" endtime="20201104 12:12:38.082"></status>
</kw>
<kw name="Input Text" library="SeleniumLibrary">
<doc>Types the given ``text`` into the text field identified by ``locator``.</doc>
<arguments>
<arg>${PASSWORD INPUT}</arg>
<arg>${PASSWORD}</arg>
</arguments>
<msg timestamp="20201104 12:12:38.082" level="INFO">Typing text 'user' into text field 'name=password'.</msg>
<status status="PASS" starttime="20201104 12:12:38.082" endtime="20201104 12:12:38.151"></status>
</kw>
<kw name="Click Button" library="SeleniumLibrary">
<doc>Clicks the button identified by ``locator``.</doc>
<arguments>
<arg>${LOGIN BUTTON}</arg>
</arguments>
<msg timestamp="20201104 12:12:38.152" level="INFO">Clicking button '//input[@value='Log In']'.</msg>
<status status="PASS" starttime="20201104 12:12:38.151" endtime="20201104 12:12:38.802"></status>
</kw>
<kw name="Wait Until Element Is Visible" library="SeleniumLibrary">
<doc>Waits until the element ``locator`` is visible.</doc>
<arguments>
<arg>${ACCOUNTS TITLE}</arg>
</arguments>
<status status="PASS" starttime="20201104 12:12:38.802" endtime="20201104 12:12:38.824"></status>
</kw>
<status status="PASS" starttime="20201104 12:12:37.989" endtime="20201104 12:12:38.825"></status>
</kw>
<status status="PASS" starttime="20201104 12:12:37.988" endtime="20201104 12:12:38.825" critical="yes"></status>
</test>
<test id="s1-t4" name="Open new bank account">
<kw name="Open new account" library="keywords">
<kw name="Click Link" library="SeleniumLibrary">
<doc>Clicks a link identified by ``locator``.</doc>
<arguments>
<arg>${NEW ACCOUNT LINK}</arg>
</arguments>
<msg timestamp="20201104 12:12:38.827" level="INFO">Clicking link '//ul/li/a[text()='Open New Account']'.</msg>
<status status="PASS" starttime="20201104 12:12:38.827" endtime="20201104 12:12:39.158"></status>
</kw>
<kw name="Wait Until Element Is Visible" library="SeleniumLibrary">
<doc>Waits until the element ``locator`` is visible.</doc>
<arguments>
<arg>${NEW ACCOUNT TITLE}</arg>
</arguments>
<status status="PASS" starttime="20201104 12:12:39.158" endtime="20201104 12:12:39.185"></status>
</kw>
<kw name="Click Element" library="SeleniumLibrary">
<doc>Click the element identified by ``locator``.</doc>
<arguments>
<arg>${ACCOUNT TYPE SELECTOR}</arg>
</arguments>
<msg timestamp="20201104 12:12:39.185" level="INFO">Clicking element '//select[@id='type']'.</msg>
<status status="PASS" starttime="20201104 12:12:39.185" endtime="20201104 12:12:39.239"></status>
</kw>
<kw name="Click Element" library="SeleniumLibrary">
<doc>Click the element identified by ``locator``.</doc>
<arguments>
<arg>${ACCOUNT SAVINGS BUTTON}</arg>
</arguments>
<msg timestamp="20201104 12:12:39.240" level="INFO">Clicking element '//select/option[@value=1]'.</msg>
<status status="PASS" starttime="20201104 12:12:39.240" endtime="20201104 12:12:39.283"></status>
</kw>
<kw name="Sleep" library="BuiltIn">
<doc>Pauses the test executed for the given time.</doc>
<arguments>
<arg>0.5s</arg>
</arguments>
<msg timestamp="20201104 12:12:39.785" level="INFO">Slept 500 milliseconds</msg>
<status status="PASS" starttime="20201104 12:12:39.283" endtime="20201104 12:12:39.785"></status>
</kw>
<kw name="Click Button" library="SeleniumLibrary">
<doc>Clicks the button identified by ``locator``.</doc>
<arguments>
<arg>${NEW ACCOUNT BUTTON}</arg>
</arguments>
<msg timestamp="20201104 12:12:39.785" level="INFO">Clicking button '//input[@type='submit']'.</msg>
<status status="PASS" starttime="20201104 12:12:39.785" endtime="20201104 12:12:39.850"></status>
</kw>
<kw name="Wait Until Element Is Visible" library="SeleniumLibrary">
<doc>Waits until the element ``locator`` is visible.</doc>
<arguments>
<arg>${ACCOUNT OPENED TITLE}</arg>
</arguments>
<status status="PASS" starttime="20201104 12:12:39.851" endtime="20201104 12:12:40.288"></status>
</kw>
<status status="PASS" starttime="20201104 12:12:38.827" endtime="20201104 12:12:40.289"></status>
</kw>
<kw name="Validate New Account" library="keywords">
<kw name="Get Text" library="SeleniumLibrary">
<doc>Returns the text value of the element identified by ``locator``.</doc>
<arguments>
<arg>${NEW ACCOUNT ID}</arg>
</arguments>
<assign>
<var>${ACCOUNT NUMBER}</var>
</assign>
<msg timestamp="20201104 12:12:40.313" level="INFO">${ACCOUNT NUMBER} = 19005</msg>
<status status="PASS" starttime="20201104 12:12:40.290" endtime="20201104 12:12:40.313"></status>
</kw>
<kw name="Set Global Variable" library="BuiltIn">
<doc>Makes a variable available globally in all tests and suites.</doc>
<arguments>
<arg>${ACCOUNT NUMBER}</arg>
</arguments>
<msg timestamp="20201104 12:12:40.315" level="INFO">${ACCOUNT NUMBER} = 19005</msg>
<status status="PASS" starttime="20201104 12:12:40.314" endtime="20201104 12:12:40.315"></status>
</kw>
<kw name="Click Link" library="SeleniumLibrary">
<doc>Clicks a link identified by ``locator``.</doc>
<arguments>
<arg>${ACCOUNTS OVERVIEW LINK}</arg>
</arguments>
<msg timestamp="20201104 12:12:40.315" level="INFO">Clicking link '//ul/li/a[text()='Accounts Overview']'.</msg>
<status status="PASS" starttime="20201104 12:12:40.315" endtime="20201104 12:12:40.674"></status>
</kw>
<kw name="Wait Until Page Contains" library="SeleniumLibrary">
<doc>Waits until ``text`` appears on the current page.</doc>
<arguments>
<arg>${ACCOUNT NUMBER}</arg>
</arguments>
<status status="PASS" starttime="20201104 12:12:40.674" endtime="20201104 12:12:41.104"></status>
</kw>
<kw name="Click Link" library="SeleniumLibrary">
<doc>Clicks a link identified by ``locator``.</doc>
<arguments>
<arg>${ACCOUNT NUMBER}</arg>
</arguments>
<msg timestamp="20201104 12:12:41.105" level="INFO">Clicking link '19005'.</msg>
<status status="PASS" starttime="20201104 12:12:41.105" endtime="20201104 12:12:41.490"></status>
</kw>
<kw name="Wait Until Element Is Visible" library="SeleniumLibrary">
<doc>Waits until the element ``locator`` is visible.</doc>
<arguments>
<arg>${ACCOUNT DETAILS TITLE}</arg>
</arguments>
<status status="PASS" starttime="20201104 12:12:41.490" endtime="20201104 12:12:41.516"></status>
</kw>
<kw name="Wait Until Element Is Visible" library="SeleniumLibrary">
<doc>Waits until the element ``locator`` is visible.</doc>
<arguments>
<arg>${ACCOUNT TYPE}</arg>
</arguments>
<status status="PASS" starttime="20201104 12:12:41.516" endtime="20201104 12:12:41.744"></status>
</kw>
<status status="PASS" starttime="20201104 12:12:40.289" endtime="20201104 12:12:41.745"></status>
</kw>
<status status="PASS" starttime="20201104 12:12:38.826" endtime="20201104 12:12:41.745" critical="yes"></status>
</test>
<test id="s1-t5" name="Apply for a Loan">
<kw name="Request loan" library="keywords">
<kw name="Click Link" library="SeleniumLibrary">
<doc>Clicks a link identified by ``locator``.</doc>
<arguments>
<arg>${LOAN LINK}</arg>
</arguments>
<msg timestamp="20201104 12:12:41.748" level="INFO">Clicking link '//ul/li/a[text()='Request Loan']'.</msg>
<status status="PASS" starttime="20201104 12:12:41.748" endtime="20201104 12:12:42.115"></status>
</kw>
<kw name="Wait Until Element Is Visible" library="SeleniumLibrary">
<doc>Waits until the element ``locator`` is visible.</doc>
<arguments>
<arg>${REQUEST LOAN TITLE}</arg>
</arguments>
<status status="PASS" starttime="20201104 12:12:42.115" endtime="20201104 12:12:42.139"></status>
</kw>
<kw name="Input Text" library="SeleniumLibrary">
<doc>Types the given ``text`` into the text field identified by ``locator``.</doc>
<arguments>
<arg>${LOAN AMOUNT INPUT}</arg>
<arg>300</arg>
</arguments>
<msg timestamp="20201104 12:12:42.139" level="INFO">Typing text '300' into text field '//*[@id='amount']'.</msg>
<status status="PASS" starttime="20201104 12:12:42.139" endtime="20201104 12:12:42.232"></status>
</kw>
<kw name="Input Text" library="SeleniumLibrary">
<doc>Types the given ``text`` into the text field identified by ``locator``.</doc>
<arguments>
<arg>${DOWN PAYMENT INPUT}</arg>
<arg>100</arg>
</arguments>
<msg timestamp="20201104 12:12:42.232" level="INFO">Typing text '100' into text field '//*[@id='downPayment']'.</msg>
<status status="PASS" starttime="20201104 12:12:42.232" endtime="20201104 12:12:42.319"></status>
</kw>
<kw name="Click Button" library="SeleniumLibrary">
<doc>Clicks the button identified by ``locator``.</doc>
<arguments>
<arg>${APPLY LOAN BUTTON}</arg>
</arguments>
<msg timestamp="20201104 12:12:42.320" level="INFO">Clicking button '//input[@type='submit']'.</msg>
<status status="PASS" starttime="20201104 12:12:42.319" endtime="20201104 12:12:42.374"></status>
</kw>
<kw name="Wait Until Element Is Visible" library="SeleniumLibrary">
<doc>Waits until the element ``locator`` is visible.</doc>
<arguments>
<arg>${LOAN ACCEPTED TITLE}</arg>
</arguments>
<status status="PASS" starttime="20201104 12:12:42.374" endtime="20201104 12:12:42.392"></status>
</kw>
<status status="PASS" starttime="20201104 12:12:41.748" endtime="20201104 12:12:42.392"></status>
</kw>
<status status="PASS" starttime="20201104 12:12:41.747" endtime="20201104 12:12:42.392" critical="yes"></status>
</test>
<test id="s1-t6" name="Transfer funds to different account">
<kw name="Transfer funds" library="keywords">
<kw name="Click Link" library="SeleniumLibrary">
<doc>Clicks a link identified by ``locator``.</doc>
<arguments>
<arg>${TRANSFER FUNDS LINK}</arg>
</arguments>
<msg timestamp="20201104 12:12:42.397" level="INFO">Clicking link '//ul/li/a[text()='Transfer Funds']'.</msg>
<status status="PASS" starttime="20201104 12:12:42.396" endtime="20201104 12:12:43.322"></status>
</kw>
<kw name="Sleep" library="BuiltIn">
<doc>Pauses the test executed for the given time.</doc>
<arguments>
<arg>0.5s</arg>
</arguments>
<msg timestamp="20201104 12:12:43.824" level="INFO">Slept 500 milliseconds</msg>
<status status="PASS" starttime="20201104 12:12:43.322" endtime="20201104 12:12:43.824"></status>
</kw>
<kw name="Wait Until Element Is Visible" library="SeleniumLibrary">
<doc>Waits until the element ``locator`` is visible.</doc>
<arguments>
<arg>${TRANSFER FUNDS TITLE}</arg>
</arguments>
<status status="PASS" starttime="20201104 12:12:43.824" endtime="20201104 12:12:43.847"></status>
</kw>
<kw name="Input Text" library="SeleniumLibrary">
<doc>Types the given ``text`` into the text field identified by ``locator``.</doc>
<arguments>
<arg>${TRANSFER AMOUNT}</arg>
<arg>50</arg>
</arguments>
<msg timestamp="20201104 12:12:43.848" level="INFO">Typing text '50' into text field '//input[@id='amount']'.</msg>
<status status="PASS" starttime="20201104 12:12:43.848" endtime="20201104 12:12:43.931"></status>
</kw>
<kw name="Click Element" library="SeleniumLibrary">
<doc>Click the element identified by ``locator``.</doc>
<arguments>
<arg>${TRANSFER TO SELECTOR}</arg>
</arguments>
<msg timestamp="20201104 12:12:43.931" level="INFO">Clicking element '//select[@id='toAccountId']'.</msg>
<status status="PASS" starttime="20201104 12:12:43.931" endtime="20201104 12:12:44.001"></status>
</kw>
<kw name="Sleep" library="BuiltIn">
<doc>Pauses the test executed for the given time.</doc>
<arguments>
<arg>0.5s</arg>
</arguments>
<msg timestamp="20201104 12:12:44.503" level="INFO">Slept 500 milliseconds</msg>
<status status="PASS" starttime="20201104 12:12:44.001" endtime="20201104 12:12:44.503"></status>
</kw>
<kw name="Click Element" library="SeleniumLibrary">
<doc>Click the element identified by ``locator``.</doc>
<arguments>
<arg>//select[@id='toAccountId']/option[@value=${ACCOUNT NUMBER}]</arg>
</arguments>
<msg timestamp="20201104 12:12:44.503" level="INFO">Clicking element '//select[@id='toAccountId']/option[@value=19005]'.</msg>
<status status="PASS" starttime="20201104 12:12:44.503" endtime="20201104 12:12:44.541"></status>
</kw>
<kw name="Click Button" library="SeleniumLibrary">
<doc>Clicks the button identified by ``locator``.</doc>
<arguments>
<arg>${TRANSFER BUTTON}</arg>
</arguments>
<msg timestamp="20201104 12:12:44.542" level="INFO">Clicking button '//input[@type='submit']'.</msg>
<status status="PASS" starttime="20201104 12:12:44.541" endtime="20201104 12:12:44.619"></status>
</kw>
<kw name="Wait Until Element Is Visible" library="SeleniumLibrary">
<doc>Waits until the element ``locator`` is visible.</doc>
<arguments>
<arg>${FUNDS TRANSFERED TITLE}</arg>
</arguments>
<status status="PASS" starttime="20201104 12:12:44.619" endtime="20201104 12:12:45.058"></status>
</kw>
<status status="PASS" starttime="20201104 12:12:42.396" endtime="20201104 12:12:45.058"></status>
</kw>
<status status="PASS" starttime="20201104 12:12:42.395" endtime="20201104 12:12:45.059" critical="yes"></status>
</test>
<kw name="Close browser when done" library="keywords" type="teardown">
<kw name="Close Browser" library="SeleniumLibrary">
<doc>Closes the current browser.</doc>
<status status="PASS" starttime="20201104 12:12:45.061" endtime="20201104 12:12:47.265"></status>
</kw>
<status status="PASS" starttime="20201104 12:12:45.061" endtime="20201104 12:12:47.265"></status>
</kw>
<status status="PASS" starttime="20201104 12:12:28.524" endtime="20201104 12:12:47.265"></status>
</suite>
<statistics>
<total>
<stat pass="6" fail="0">Critical Tests</stat>
<stat pass="6" fail="0">All Tests</stat>
</total>
<tag>
</tag>
<suite>
<stat pass="6" fail="0" id="s1" name="Test">Test</stat>
</suite>
</statistics>
<errors>
</errors>
</robot>
