<?xml version="1.0" encoding="UTF-8"?>
<robot generator="Robot 3.2.2 (Python 3.6.4 on win32)" generated="20201105 11:49:45.805" rpa="false">
<suite id="s1" name="Test" source="C:\Users\omistaja\PycharmProjects\robotframework\tests\test.robot">
<test id="s1-t1" name="Open ParaBank">
<kw name="Open browser to front page" library="keywords">
<kw name="Set Selenium Timeout" library="SeleniumLibrary">
<doc>Sets the timeout that is used by various keywords.</doc>
<arguments>
<arg>${SELENIUM TIMEOUT TIME}</arg>
</arguments>
<status status="PASS" starttime="20201105 11:49:46.089" endtime="20201105 11:49:46.089"></status>
</kw>
<kw name="Open Browser" library="SeleniumLibrary">
<doc>Opens a new browser instance to the optional ``url``.</doc>
<arguments>
<arg>${URL FOR BROWSER}</arg>
<arg>${BROWSER NAME}</arg>
</arguments>
<msg timestamp="20201105 11:49:46.089" level="INFO">Opening browser 'chrome' to base url 'https://parabank.parasoft.com/parabank/index.htm'.</msg>
<status status="PASS" starttime="20201105 11:49:46.089" endtime="20201105 11:49:54.332"></status>
</kw>
<status status="PASS" starttime="20201105 11:49:46.088" endtime="20201105 11:49:54.332"></status>
</kw>
<kw name="Open index page" library="keywords">
<kw name="Wait Until Element Is Visible" library="SeleniumLibrary">
<doc>Waits until the element ``locator`` is visible.</doc>
<arguments>
<arg>${PARABANK TITLE}</arg>
</arguments>
<status status="PASS" starttime="20201105 11:49:54.333" endtime="20201105 11:49:54.360"></status>
</kw>
<status status="PASS" starttime="20201105 11:49:54.333" endtime="20201105 11:49:54.360"></status>
</kw>
<status status="PASS" starttime="20201105 11:49:46.087" endtime="20201105 11:49:54.360" critical="yes"></status>
</test>
<test id="s1-t2" name="Create a new banking account">
<kw name="Create a new banking customer" library="keywords">
<kw name="Click Link" library="SeleniumLibrary">
<doc>Clicks a link identified by ``locator``.</doc>
<arguments>
<arg>Register</arg>
</arguments>
<msg timestamp="20201105 11:49:54.363" level="INFO">Clicking link 'Register'.</msg>
<status status="PASS" starttime="20201105 11:49:54.363" endtime="20201105 11:49:54.839"></status>
</kw>
<kw name="Wait Until Element Is Visible" library="SeleniumLibrary">
<doc>Waits until the element ``locator`` is visible.</doc>
<arguments>
<arg>${SIGNING UP TITLE}</arg>
</arguments>
<status status="PASS" starttime="20201105 11:49:54.839" endtime="20201105 11:49:54.865"></status>
</kw>
<kw name="Generate Firstname" library="GenerateCustomerData">
<assign>
<var>${GENERATE FIRSTNAME}</var>
</assign>
<msg timestamp="20201105 11:49:54.865" level="INFO">${GENERATE FIRSTNAME} = Timo</msg>
<status status="PASS" starttime="20201105 11:49:54.865" endtime="20201105 11:49:54.866"></status>
</kw>
<kw name="Generate Lastname" library="GenerateCustomerData">
<assign>
<var>${GENERATE LASTNAME}</var>
</assign>
<msg timestamp="20201105 11:49:54.866" level="INFO">${GENERATE LASTNAME} = Mäkelä</msg>
<status status="PASS" starttime="20201105 11:49:54.866" endtime="20201105 11:49:54.866"></status>
</kw>
<kw name="Generate Address" library="GenerateCustomerData">
<assign>
<var>${GENERATE ADDRESS}</var>
</assign>
<msg timestamp="20201105 11:49:54.866" level="INFO">${GENERATE ADDRESS} = Vuorikuja 14 C</msg>
<status status="PASS" starttime="20201105 11:49:54.866" endtime="20201105 11:49:54.866"></status>
</kw>
<kw name="Generate City" library="GenerateCustomerData">
<assign>
<var>${GENERATE CITY}</var>
</assign>
<msg timestamp="20201105 11:49:54.867" level="INFO">${GENERATE CITY} = Hämeenlinna</msg>
<status status="PASS" starttime="20201105 11:49:54.867" endtime="20201105 11:49:54.867"></status>
</kw>
<kw name="Generate State" library="GenerateCustomerData">
<assign>
<var>${GENERATE STATE}</var>
</assign>
<msg timestamp="20201105 11:49:54.867" level="INFO">${GENERATE STATE} = Kainuu</msg>
<status status="PASS" starttime="20201105 11:49:54.867" endtime="20201105 11:49:54.867"></status>
</kw>
<kw name="Generate Zipcode" library="GenerateCustomerData">
<assign>
<var>${GENERATE ZIPCODE}</var>
</assign>
<msg timestamp="20201105 11:49:54.867" level="INFO">${GENERATE ZIPCODE} = 42100</msg>
<status status="PASS" starttime="20201105 11:49:54.867" endtime="20201105 11:49:54.867"></status>
</kw>
<kw name="Generate Phonenumber" library="GenerateCustomerData">
<assign>
<var>${GENERATE PHONE}</var>
</assign>
<msg timestamp="20201105 11:49:54.868" level="INFO">${GENERATE PHONE} = 503-3219323</msg>
<status status="PASS" starttime="20201105 11:49:54.868" endtime="20201105 11:49:54.868"></status>
</kw>
<kw name="Generate Ssn" library="GenerateCustomerData">
<assign>
<var>${GENERATE SSN}</var>
</assign>
<msg timestamp="20201105 11:49:54.868" level="INFO">${GENERATE SSN} = 315703+277G</msg>
<status status="PASS" starttime="20201105 11:49:54.868" endtime="20201105 11:49:54.868"></status>
</kw>
<kw name="Generate Firstname" library="GenerateCustomerData">
<assign>
<var>${GENERATE USERNAME}</var>
</assign>
<msg timestamp="20201105 11:49:54.868" level="INFO">${GENERATE USERNAME} = Riitta</msg>
<status status="PASS" starttime="20201105 11:49:54.868" endtime="20201105 11:49:54.868"></status>
</kw>
<kw name="Set Global Variable" library="BuiltIn">
<doc>Makes a variable available globally in all tests and suites.</doc>
<arguments>
<arg>${GENERATE USERNAME}</arg>
</arguments>
<msg timestamp="20201105 11:49:54.869" level="INFO">${GENERATE USERNAME} = Riitta</msg>
<status status="PASS" starttime="20201105 11:49:54.869" endtime="20201105 11:49:54.869"></status>
</kw>
<kw name="Generate Password" library="GenerateCustomerData">
<assign>
<var>${GENERATE PASSWORD}</var>
</assign>
<msg timestamp="20201105 11:49:54.869" level="INFO">${GENERATE PASSWORD} = 2616243838</msg>
<status status="PASS" starttime="20201105 11:49:54.869" endtime="20201105 11:49:54.869"></status>
</kw>
<kw name="Set Global Variable" library="BuiltIn">
<doc>Makes a variable available globally in all tests and suites.</doc>
<arguments>
<arg>${GENERATE PASSWORD}</arg>
</arguments>
<msg timestamp="20201105 11:49:54.870" level="INFO">${GENERATE PASSWORD} = 2616243838</msg>
<status status="PASS" starttime="20201105 11:49:54.869" endtime="20201105 11:49:54.870"></status>
</kw>
<kw name="Input Text" library="SeleniumLibrary">
<doc>Types the given ``text`` into the text field identified by ``locator``.</doc>
<arguments>
<arg>${CUSTOMER FIRSTNAME}</arg>
<arg>${GENERATE FIRSTNAME}</arg>
</arguments>
<msg timestamp="20201105 11:49:54.870" level="INFO">Typing text 'Timo' into text field 'id=customer.firstName'.</msg>
<status status="PASS" starttime="20201105 11:49:54.870" endtime="20201105 11:49:54.951"></status>
</kw>
<kw name="Input Text" library="SeleniumLibrary">
<doc>Types the given ``text`` into the text field identified by ``locator``.</doc>
<arguments>
<arg>${CUSTOMER LASTNAME}</arg>
<arg>${GENERATE LASTNAME}</arg>
</arguments>
<msg timestamp="20201105 11:49:54.951" level="INFO">Typing text 'Mäkelä' into text field 'id=customer.lastName'.</msg>
<status status="PASS" starttime="20201105 11:49:54.951" endtime="20201105 11:49:55.033"></status>
</kw>
<kw name="Input Text" library="SeleniumLibrary">
<doc>Types the given ``text`` into the text field identified by ``locator``.</doc>
<arguments>
<arg>${CUSTOMER ADDRESS}</arg>
<arg>${GENERATE ADDRESS}</arg>
</arguments>
<msg timestamp="20201105 11:49:55.034" level="INFO">Typing text 'Vuorikuja 14 C' into text field 'id=customer.address.street'.</msg>
<status status="PASS" starttime="20201105 11:49:55.034" endtime="20201105 11:49:55.115"></status>
</kw>
<kw name="Input Text" library="SeleniumLibrary">
<doc>Types the given ``text`` into the text field identified by ``locator``.</doc>
<arguments>
<arg>${CUSTOMER CITY}</arg>
<arg>${GENERATE CITY}</arg>
</arguments>
<msg timestamp="20201105 11:49:55.115" level="INFO">Typing text 'Hämeenlinna' into text field 'id=customer.address.city'.</msg>
<status status="PASS" starttime="20201105 11:49:55.115" endtime="20201105 11:49:55.191"></status>
</kw>
<kw name="Input Text" library="SeleniumLibrary">
<doc>Types the given ``text`` into the text field identified by ``locator``.</doc>
<arguments>
<arg>${CUSTOMER STATE}</arg>
<arg>${GENERATE STATE}</arg>
</arguments>
<msg timestamp="20201105 11:49:55.192" level="INFO">Typing text 'Kainuu' into text field 'id=customer.address.state'.</msg>
<status status="PASS" starttime="20201105 11:49:55.192" endtime="20201105 11:49:55.264"></status>
</kw>
<kw name="Input Text" library="SeleniumLibrary">
<doc>Types the given ``text`` into the text field identified by ``locator``.</doc>
<arguments>
<arg>${CUSTOMER ZIPCODE}</arg>
<arg>${GENERATE ZIPCODE}</arg>
</arguments>
<msg timestamp="20201105 11:49:55.265" level="INFO">Typing text '42100' into text field 'id=customer.address.zipCode'.</msg>
<status status="PASS" starttime="20201105 11:49:55.265" endtime="20201105 11:49:55.333"></status>
</kw>
<kw name="Input Text" library="SeleniumLibrary">
<doc>Types the given ``text`` into the text field identified by ``locator``.</doc>
<arguments>
<arg>${CUSTOMER PHONE}</arg>
<arg>${GENERATE PHONE}</arg>
</arguments>
<msg timestamp="20201105 11:49:55.334" level="INFO">Typing text '503-3219323' into text field 'id=customer.phoneNumber'.</msg>
<status status="PASS" starttime="20201105 11:49:55.333" endtime="20201105 11:49:55.408"></status>
</kw>
<kw name="Input Text" library="SeleniumLibrary">
<doc>Types the given ``text`` into the text field identified by ``locator``.</doc>
<arguments>
<arg>${CUSTOMER SSN}</arg>
<arg>${GENERATE SSN}</arg>
</arguments>
<msg timestamp="20201105 11:49:55.409" level="INFO">Typing text '315703+277G' into text field 'id=customer.ssn'.</msg>
<status status="PASS" starttime="20201105 11:49:55.408" endtime="20201105 11:49:55.483"></status>
</kw>
<kw name="Input Text" library="SeleniumLibrary">
<doc>Types the given ``text`` into the text field identified by ``locator``.</doc>
<arguments>
<arg>${CUSTOMER USERNAME}</arg>
<arg>${GENERATE USERNAME}</arg>
</arguments>
<msg timestamp="20201105 11:49:55.483" level="INFO">Typing text 'Riitta' into text field 'id=customer.username'.</msg>
<status status="PASS" starttime="20201105 11:49:55.483" endtime="20201105 11:49:55.554"></status>
</kw>
<kw name="Input Text" library="SeleniumLibrary">
<doc>Types the given ``text`` into the text field identified by ``locator``.</doc>
<arguments>
<arg>${CUSTOMER PASSWORD}</arg>
<arg>${GENERATE PASSWORD}</arg>
</arguments>
<msg timestamp="20201105 11:49:55.555" level="INFO">Typing text '2616243838' into text field 'id=customer.password'.</msg>
<status status="PASS" starttime="20201105 11:49:55.554" endtime="20201105 11:49:55.630"></status>
</kw>
<kw name="Input Text" library="SeleniumLibrary">
<doc>Types the given ``text`` into the text field identified by ``locator``.</doc>
<arguments>
<arg>${CUSTOMER CONFIRM}</arg>
<arg>${GENERATE PASSWORD}</arg>
</arguments>
<msg timestamp="20201105 11:49:55.630" level="INFO">Typing text '2616243838' into text field 'id=repeatedPassword'.</msg>
<status status="PASS" starttime="20201105 11:49:55.630" endtime="20201105 11:49:55.705"></status>
</kw>
<kw name="Click Button" library="SeleniumLibrary">
<doc>Clicks the button identified by ``locator``.</doc>
<arguments>
<arg>${CREATE USER BUTTON}</arg>
</arguments>
<msg timestamp="20201105 11:49:55.706" level="INFO">Clicking button '//td/input[@value='Register']'.</msg>
<status status="PASS" starttime="20201105 11:49:55.706" endtime="20201105 11:49:56.714"></status>
</kw>
<kw name="Wait Until Element Is Visible" library="SeleniumLibrary">
<doc>Waits until the element ``locator`` is visible.</doc>
<arguments>
<arg>${USER CREATED TITLE}</arg>
</arguments>
<status status="PASS" starttime="20201105 11:49:56.714" endtime="20201105 11:49:56.736"></status>
</kw>
<status status="PASS" starttime="20201105 11:49:54.362" endtime="20201105 11:49:56.736"></status>
</kw>
<status status="PASS" starttime="20201105 11:49:54.362" endtime="20201105 11:49:56.736" critical="yes"></status>
</test>
<test id="s1-t3" name="Log out of ParaBank">
<kw name="Log out" library="keywords">
<kw name="Click Link" library="SeleniumLibrary">
<doc>Clicks a link identified by ``locator``.</doc>
<arguments>
<arg>${LOG OUT LINK}</arg>
</arguments>
<msg timestamp="20201105 11:49:56.739" level="INFO">Clicking link '//ul/li/a[text()='Log Out']'.</msg>
<status status="PASS" starttime="20201105 11:49:56.738" endtime="20201105 11:49:57.913"></status>
</kw>
<status status="PASS" starttime="20201105 11:49:56.738" endtime="20201105 11:49:57.913"></status>
</kw>
<status status="PASS" starttime="20201105 11:49:56.738" endtime="20201105 11:49:57.914" critical="yes"></status>
</test>
<test id="s1-t4" name="Login with wrong credentials">
<kw name="Wrong password" library="keywords">
<kw name="Wait Until Element Is Visible" library="SeleniumLibrary">
<doc>Waits until the element ``locator`` is visible.</doc>
<arguments>
<arg>${PASSWORD INPUT}</arg>
</arguments>
<status status="PASS" starttime="20201105 11:49:57.918" endtime="20201105 11:49:57.937"></status>
</kw>
<kw name="Input Text" library="SeleniumLibrary">
<doc>Types the given ``text`` into the text field identified by ``locator``.</doc>
<arguments>
<arg>${USERNAME INPUT}</arg>
<arg>${GENERATE USERNAME}</arg>
</arguments>
<msg timestamp="20201105 11:49:57.938" level="INFO">Typing text 'Riitta' into text field 'name=username'.</msg>
<status status="PASS" starttime="20201105 11:49:57.938" endtime="20201105 11:49:58.003"></status>
</kw>
<kw name="Input Text" library="SeleniumLibrary">
<doc>Types the given ``text`` into the text field identified by ``locator``.</doc>
<arguments>
<arg>${PASSWORD INPUT}</arg>
<arg>wrong</arg>
</arguments>
<msg timestamp="20201105 11:49:58.003" level="INFO">Typing text 'wrong' into text field 'name=password'.</msg>
<status status="PASS" starttime="20201105 11:49:58.003" endtime="20201105 11:49:58.075"></status>
</kw>
<kw name="Click Button" library="SeleniumLibrary">
<doc>Clicks the button identified by ``locator``.</doc>
<arguments>
<arg>${LOGIN BUTTON}</arg>
</arguments>
<msg timestamp="20201105 11:49:58.076" level="INFO">Clicking button '//input[@value='Log In']'.</msg>
<status status="PASS" starttime="20201105 11:49:58.076" endtime="20201105 11:49:58.947"></status>
</kw>
<kw name="Wait Until Element Is Visible" library="SeleniumLibrary">
<doc>Waits until the element ``locator`` is visible.</doc>
<arguments>
<arg>${ERROR MESSAGE TEXT}</arg>
</arguments>
<status status="PASS" starttime="20201105 11:49:58.947" endtime="20201105 11:49:58.972"></status>
</kw>
<kw name="Element Text Should Be" library="SeleniumLibrary">
<doc>Verifies that element ``locator`` contains exact the text ``expected``.</doc>
<arguments>
<arg>${ERROR MESSAGE TEXT}</arg>
<arg>${ERROR MESSAGE 1}</arg>
</arguments>
<msg timestamp="20201105 11:49:58.973" level="INFO">Verifying element 'class=error' contains exact text 'The username and password could not be verified.'.</msg>
<status status="PASS" starttime="20201105 11:49:58.972" endtime="20201105 11:49:58.994"></status>
</kw>
<status status="PASS" starttime="20201105 11:49:57.917" endtime="20201105 11:49:58.994"></status>
</kw>
<kw name="Wrong username" library="keywords">
<kw name="Wait Until Element Is Visible" library="SeleniumLibrary">
<doc>Waits until the element ``locator`` is visible.</doc>
<arguments>
<arg>${USERNAME INPUT}</arg>
</arguments>
<status status="PASS" starttime="20201105 11:49:58.995" endtime="20201105 11:49:59.011"></status>
</kw>
<kw name="Input Text" library="SeleniumLibrary">
<doc>Types the given ``text`` into the text field identified by ``locator``.</doc>
<arguments>
<arg>${USERNAME INPUT}</arg>
<arg>wrong</arg>
</arguments>
<msg timestamp="20201105 11:49:59.012" level="INFO">Typing text 'wrong' into text field 'name=username'.</msg>
<status status="PASS" starttime="20201105 11:49:59.011" endtime="20201105 11:49:59.079"></status>
</kw>
<kw name="Input Text" library="SeleniumLibrary">
<doc>Types the given ``text`` into the text field identified by ``locator``.</doc>
<arguments>
<arg>${PASSWORD INPUT}</arg>
<arg>${GENERATE PASSWORD}</arg>
</arguments>
<msg timestamp="20201105 11:49:59.080" level="INFO">Typing text '2616243838' into text field 'name=password'.</msg>
<status status="PASS" starttime="20201105 11:49:59.079" endtime="20201105 11:49:59.167"></status>
</kw>
<kw name="Click Button" library="SeleniumLibrary">
<doc>Clicks the button identified by ``locator``.</doc>
<arguments>
<arg>${LOGIN BUTTON}</arg>
</arguments>
<msg timestamp="20201105 11:49:59.168" level="INFO">Clicking button '//input[@value='Log In']'.</msg>
<status status="PASS" starttime="20201105 11:49:59.168" endtime="20201105 11:49:59.493"></status>
</kw>
<kw name="Wait Until Element Is Visible" library="SeleniumLibrary">
<doc>Waits until the element ``locator`` is visible.</doc>
<arguments>
<arg>${ERROR MESSAGE TEXT}</arg>
</arguments>
<status status="PASS" starttime="20201105 11:49:59.494" endtime="20201105 11:49:59.514"></status>
</kw>
<kw name="Element Text Should Be" library="SeleniumLibrary">
<doc>Verifies that element ``locator`` contains exact the text ``expected``.</doc>
<arguments>
<arg>${ERROR MESSAGE TEXT}</arg>
<arg>${ERROR MESSAGE 1}</arg>
</arguments>
<msg timestamp="20201105 11:49:59.515" level="INFO">Verifying element 'class=error' contains exact text 'The username and password could not be verified.'.</msg>
<status status="PASS" starttime="20201105 11:49:59.515" endtime="20201105 11:49:59.534"></status>
</kw>
<status status="PASS" starttime="20201105 11:49:58.995" endtime="20201105 11:49:59.534"></status>
</kw>
<kw name="Wrong both" library="keywords">
<kw name="Wait Until Element Is Visible" library="SeleniumLibrary">
<doc>Waits until the element ``locator`` is visible.</doc>
<arguments>
<arg>${USERNAME INPUT}</arg>
</arguments>
<status status="PASS" starttime="20201105 11:49:59.535" endtime="20201105 11:49:59.553"></status>
</kw>
<kw name="Wait Until Element Is Visible" library="SeleniumLibrary">
<doc>Waits until the element ``locator`` is visible.</doc>
<arguments>
<arg>${PASSWORD INPUT}</arg>
</arguments>
<status status="PASS" starttime="20201105 11:49:59.553" endtime="20201105 11:49:59.574"></status>
</kw>
<kw name="Input Text" library="SeleniumLibrary">
<doc>Types the given ``text`` into the text field identified by ``locator``.</doc>
<arguments>
<arg>${USERNAME INPUT}</arg>
<arg>wrong</arg>
</arguments>
<msg timestamp="20201105 11:49:59.574" level="INFO">Typing text 'wrong' into text field 'name=username'.</msg>
<status status="PASS" starttime="20201105 11:49:59.574" endtime="20201105 11:49:59.636"></status>
</kw>
<kw name="Input Text" library="SeleniumLibrary">
<doc>Types the given ``text`` into the text field identified by ``locator``.</doc>
<arguments>
<arg>${PASSWORD INPUT}</arg>
<arg>wrong</arg>
</arguments>
<msg timestamp="20201105 11:49:59.636" level="INFO">Typing text 'wrong' into text field 'name=password'.</msg>
<status status="PASS" starttime="20201105 11:49:59.636" endtime="20201105 11:49:59.714"></status>
</kw>
<kw name="Click Button" library="SeleniumLibrary">
<doc>Clicks the button identified by ``locator``.</doc>
<arguments>
<arg>${LOGIN BUTTON}</arg>
</arguments>
<msg timestamp="20201105 11:49:59.715" level="INFO">Clicking button '//input[@value='Log In']'.</msg>
<status status="PASS" starttime="20201105 11:49:59.714" endtime="20201105 11:50:00.302"></status>
</kw>
<kw name="Wait Until Element Is Visible" library="SeleniumLibrary">
<doc>Waits until the element ``locator`` is visible.</doc>
<arguments>
<arg>${ERROR MESSAGE TEXT}</arg>
</arguments>
<status status="PASS" starttime="20201105 11:50:00.302" endtime="20201105 11:50:00.322"></status>
</kw>
<kw name="Element Text Should Be" library="SeleniumLibrary">
<doc>Verifies that element ``locator`` contains exact the text ``expected``.</doc>
<arguments>
<arg>${ERROR MESSAGE TEXT}</arg>
<arg>${ERROR MESSAGE 1}</arg>
</arguments>
<msg timestamp="20201105 11:50:00.323" level="INFO">Verifying element 'class=error' contains exact text 'The username and password could not be verified.'.</msg>
<status status="PASS" starttime="20201105 11:50:00.322" endtime="20201105 11:50:00.341"></status>
</kw>
<status status="PASS" starttime="20201105 11:49:59.535" endtime="20201105 11:50:00.342"></status>
</kw>
<status status="PASS" starttime="20201105 11:49:57.916" endtime="20201105 11:50:00.342" critical="yes"></status>
</test>
<test id="s1-t5" name="Login with right credentials">
<kw name="Login into ParaBank" library="keywords">
<kw name="Wait Until Element Is Visible" library="SeleniumLibrary">
<doc>Waits until the element ``locator`` is visible.</doc>
<arguments>
<arg>${USERNAME INPUT}</arg>
</arguments>
<status status="PASS" starttime="20201105 11:50:00.344" endtime="20201105 11:50:00.361"></status>
</kw>
<kw name="Wait Until Element Is Visible" library="SeleniumLibrary">
<doc>Waits until the element ``locator`` is visible.</doc>
<arguments>
<arg>${PASSWORD INPUT}</arg>
</arguments>
<status status="PASS" starttime="20201105 11:50:00.361" endtime="20201105 11:50:00.380"></status>
</kw>
<kw name="Input Text" library="SeleniumLibrary">
<doc>Types the given ``text`` into the text field identified by ``locator``.</doc>
<arguments>
<arg>${USERNAME INPUT}</arg>
<arg>${GENERATE USERNAME}</arg>
</arguments>
<msg timestamp="20201105 11:50:00.381" level="INFO">Typing text 'Riitta' into text field 'name=username'.</msg>
<status status="PASS" starttime="20201105 11:50:00.380" endtime="20201105 11:50:00.444"></status>
</kw>
<kw name="Input Text" library="SeleniumLibrary">
<doc>Types the given ``text`` into the text field identified by ``locator``.</doc>
<arguments>
<arg>${PASSWORD INPUT}</arg>
<arg>${GENERATE PASSWORD}</arg>
</arguments>
<msg timestamp="20201105 11:50:00.444" level="INFO">Typing text '2616243838' into text field 'name=password'.</msg>
<status status="PASS" starttime="20201105 11:50:00.444" endtime="20201105 11:50:00.527"></status>
</kw>
<kw name="Click Button" library="SeleniumLibrary">
<doc>Clicks the button identified by ``locator``.</doc>
<arguments>
<arg>${LOGIN BUTTON}</arg>
</arguments>
<msg timestamp="20201105 11:50:00.528" level="INFO">Clicking button '//input[@value='Log In']'.</msg>
<status status="PASS" starttime="20201105 11:50:00.527" endtime="20201105 11:50:01.665"></status>
</kw>
<kw name="Wait Until Element Is Visible" library="SeleniumLibrary">
<doc>Waits until the element ``locator`` is visible.</doc>
<arguments>
<arg>${ACCOUNTS TITLE}</arg>
</arguments>
<status status="PASS" starttime="20201105 11:50:01.665" endtime="20201105 11:50:01.690"></status>
</kw>
<status status="PASS" starttime="20201105 11:50:00.344" endtime="20201105 11:50:01.690"></status>
</kw>
<status status="PASS" starttime="20201105 11:50:00.343" endtime="20201105 11:50:01.691" critical="yes"></status>
</test>
<test id="s1-t6" name="Open new bank account">
<kw name="Open new account" library="keywords">
<kw name="Click Link" library="SeleniumLibrary">
<doc>Clicks a link identified by ``locator``.</doc>
<arguments>
<arg>${NEW ACCOUNT LINK}</arg>
</arguments>
<msg timestamp="20201105 11:50:01.695" level="INFO">Clicking link '//ul/li/a[text()='Open New Account']'.</msg>
<status status="PASS" starttime="20201105 11:50:01.695" endtime="20201105 11:50:02.047"></status>
</kw>
<kw name="Wait Until Element Is Visible" library="SeleniumLibrary">
<doc>Waits until the element ``locator`` is visible.</doc>
<arguments>
<arg>${NEW ACCOUNT TITLE}</arg>
</arguments>
<status status="PASS" starttime="20201105 11:50:02.048" endtime="20201105 11:50:02.073"></status>
</kw>
<kw name="Click Element" library="SeleniumLibrary">
<doc>Click the element identified by ``locator``.</doc>
<arguments>
<arg>${ACCOUNT TYPE SELECTOR}</arg>
</arguments>
<msg timestamp="20201105 11:50:02.073" level="INFO">Clicking element '//select[@id='type']'.</msg>
<status status="PASS" starttime="20201105 11:50:02.073" endtime="20201105 11:50:02.136"></status>
</kw>
<kw name="Click Element" library="SeleniumLibrary">
<doc>Click the element identified by ``locator``.</doc>
<arguments>
<arg>${ACCOUNT SAVINGS BUTTON}</arg>
</arguments>
<msg timestamp="20201105 11:50:02.138" level="INFO">Clicking element '//select/option[@value=1]'.</msg>
<status status="PASS" starttime="20201105 11:50:02.137" endtime="20201105 11:50:02.175"></status>
</kw>
<kw name="Sleep" library="BuiltIn">
<doc>Pauses the test executed for the given time.</doc>
<arguments>
<arg>0.5s</arg>
</arguments>
<msg timestamp="20201105 11:50:02.678" level="INFO">Slept 500 milliseconds</msg>
<status status="PASS" starttime="20201105 11:50:02.176" endtime="20201105 11:50:02.678"></status>
</kw>
<kw name="Click Button" library="SeleniumLibrary">
<doc>Clicks the button identified by ``locator``.</doc>
<arguments>
<arg>${NEW ACCOUNT BUTTON}</arg>
</arguments>
<msg timestamp="20201105 11:50:02.678" level="INFO">Clicking button '//input[@type='submit']'.</msg>
<status status="PASS" starttime="20201105 11:50:02.678" endtime="20201105 11:50:02.738"></status>
</kw>
<kw name="Wait Until Element Is Visible" library="SeleniumLibrary">
<doc>Waits until the element ``locator`` is visible.</doc>
<arguments>
<arg>${ACCOUNT OPENED TITLE}</arg>
</arguments>
<status status="PASS" starttime="20201105 11:50:02.738" endtime="20201105 11:50:02.975"></status>
</kw>
<status status="PASS" starttime="20201105 11:50:01.694" endtime="20201105 11:50:02.975"></status>
</kw>
<kw name="Validate New Account" library="keywords">
<kw name="Get Text" library="SeleniumLibrary">
<doc>Returns the text value of the element identified by ``locator``.</doc>
<arguments>
<arg>${NEW ACCOUNT ID}</arg>
</arguments>
<assign>
<var>${ACCOUNT NUMBER}</var>
</assign>
<msg timestamp="20201105 11:50:02.999" level="INFO">${ACCOUNT NUMBER} = 17229</msg>
<status status="PASS" starttime="20201105 11:50:02.977" endtime="20201105 11:50:02.999"></status>
</kw>
<kw name="Set Global Variable" library="BuiltIn">
<doc>Makes a variable available globally in all tests and suites.</doc>
<arguments>
<arg>${ACCOUNT NUMBER}</arg>
</arguments>
<msg timestamp="20201105 11:50:03.000" level="INFO">${ACCOUNT NUMBER} = 17229</msg>
<status status="PASS" starttime="20201105 11:50:02.999" endtime="20201105 11:50:03.000"></status>
</kw>
<kw name="Click Link" library="SeleniumLibrary">
<doc>Clicks a link identified by ``locator``.</doc>
<arguments>
<arg>${ACCOUNTS OVERVIEW LINK}</arg>
</arguments>
<msg timestamp="20201105 11:50:03.000" level="INFO">Clicking link '//ul/li/a[text()='Accounts Overview']'.</msg>
<status status="PASS" starttime="20201105 11:50:03.000" endtime="20201105 11:50:03.333"></status>
</kw>
<kw name="Wait Until Page Contains" library="SeleniumLibrary">
<doc>Waits until ``text`` appears on the current page.</doc>
<arguments>
<arg>${ACCOUNT NUMBER}</arg>
</arguments>
<status status="PASS" starttime="20201105 11:50:03.333" endtime="20201105 11:50:03.560"></status>
</kw>
<kw name="Click Link" library="SeleniumLibrary">
<doc>Clicks a link identified by ``locator``.</doc>
<arguments>
<arg>${ACCOUNT NUMBER}</arg>
</arguments>
<msg timestamp="20201105 11:50:03.561" level="INFO">Clicking link '17229'.</msg>
<status status="PASS" starttime="20201105 11:50:03.561" endtime="20201105 11:50:03.932"></status>
</kw>
<kw name="Wait Until Element Is Visible" library="SeleniumLibrary">
<doc>Waits until the element ``locator`` is visible.</doc>
<arguments>
<arg>${ACCOUNT DETAILS TITLE}</arg>
</arguments>
<status status="PASS" starttime="20201105 11:50:03.932" endtime="20201105 11:50:03.957"></status>
</kw>
<kw name="Wait Until Element Is Visible" library="SeleniumLibrary">
<doc>Waits until the element ``locator`` is visible.</doc>
<arguments>
<arg>${ACCOUNT TYPE SAVINGS}</arg>
</arguments>
<status status="PASS" starttime="20201105 11:50:03.957" endtime="20201105 11:50:04.187"></status>
</kw>
<status status="PASS" starttime="20201105 11:50:02.976" endtime="20201105 11:50:04.187"></status>
</kw>
<status status="PASS" starttime="20201105 11:50:01.692" endtime="20201105 11:50:04.188" critical="yes"></status>
</test>
<test id="s1-t7" name="Apply for a Loan">
<kw name="Request loan succsessful" library="keywords">
<kw name="Click Link" library="SeleniumLibrary">
<doc>Clicks a link identified by ``locator``.</doc>
<arguments>
<arg>${LOAN LINK}</arg>
</arguments>
<msg timestamp="20201105 11:50:04.194" level="INFO">Clicking link '//ul/li/a[text()='Request Loan']'.</msg>
<status status="PASS" starttime="20201105 11:50:04.194" endtime="20201105 11:50:04.556"></status>
</kw>
<kw name="Wait Until Element Is Visible" library="SeleniumLibrary">
<doc>Waits until the element ``locator`` is visible.</doc>
<arguments>
<arg>${REQUEST LOAN TITLE}</arg>
</arguments>
<status status="PASS" starttime="20201105 11:50:04.557" endtime="20201105 11:50:04.577"></status>
</kw>
<kw name="Input Text" library="SeleniumLibrary">
<doc>Types the given ``text`` into the text field identified by ``locator``.</doc>
<arguments>
<arg>${LOAN AMOUNT INPUT}</arg>
<arg>10</arg>
</arguments>
<msg timestamp="20201105 11:50:04.578" level="INFO">Typing text '10' into text field '//*[@id='amount']'.</msg>
<status status="PASS" starttime="20201105 11:50:04.577" endtime="20201105 11:50:04.661"></status>
</kw>
<kw name="Input Text" library="SeleniumLibrary">
<doc>Types the given ``text`` into the text field identified by ``locator``.</doc>
<arguments>
<arg>${DOWN PAYMENT INPUT}</arg>
<arg>5</arg>
</arguments>
<msg timestamp="20201105 11:50:04.662" level="INFO">Typing text '5' into text field '//*[@id='downPayment']'.</msg>
<status status="PASS" starttime="20201105 11:50:04.661" endtime="20201105 11:50:04.747"></status>
</kw>
<kw name="Click Button" library="SeleniumLibrary">
<doc>Clicks the button identified by ``locator``.</doc>
<arguments>
<arg>${APPLY LOAN BUTTON}</arg>
</arguments>
<msg timestamp="20201105 11:50:04.747" level="INFO">Clicking button '//input[@type='submit']'.</msg>
<status status="PASS" starttime="20201105 11:50:04.747" endtime="20201105 11:50:04.812"></status>
</kw>
<kw name="Wait Until Element Is Visible" library="SeleniumLibrary">
<doc>Waits until the element ``locator`` is visible.</doc>
<arguments>
<arg>${LOAN APPROVED TEXT}</arg>
</arguments>
<status status="PASS" starttime="20201105 11:50:04.812" endtime="20201105 11:50:05.261"></status>
</kw>
<status status="PASS" starttime="20201105 11:50:04.194" endtime="20201105 11:50:05.261"></status>
</kw>
<kw name="Request loan fail" library="keywords">
<kw name="Click Link" library="SeleniumLibrary">
<doc>Clicks a link identified by ``locator``.</doc>
<arguments>
<arg>${LOAN LINK}</arg>
</arguments>
<msg timestamp="20201105 11:50:05.262" level="INFO">Clicking link '//ul/li/a[text()='Request Loan']'.</msg>
<status status="PASS" starttime="20201105 11:50:05.262" endtime="20201105 11:50:05.584"></status>
</kw>
<kw name="Wait Until Element Is Visible" library="SeleniumLibrary">
<doc>Waits until the element ``locator`` is visible.</doc>
<arguments>
<arg>${REQUEST LOAN TITLE}</arg>
</arguments>
<status status="PASS" starttime="20201105 11:50:05.584" endtime="20201105 11:50:05.604"></status>
</kw>
<kw name="Input Text" library="SeleniumLibrary">
<doc>Types the given ``text`` into the text field identified by ``locator``.</doc>
<arguments>
<arg>${LOAN AMOUNT INPUT}</arg>
<arg>1000</arg>
</arguments>
<msg timestamp="20201105 11:50:05.604" level="INFO">Typing text '1000' into text field '//*[@id='amount']'.</msg>
<status status="PASS" starttime="20201105 11:50:05.604" endtime="20201105 11:50:05.684"></status>
</kw>
<kw name="Input Text" library="SeleniumLibrary">
<doc>Types the given ``text`` into the text field identified by ``locator``.</doc>
<arguments>
<arg>${DOWN PAYMENT INPUT}</arg>
<arg>1000</arg>
</arguments>
<msg timestamp="20201105 11:50:05.684" level="INFO">Typing text '1000' into text field '//*[@id='downPayment']'.</msg>
<status status="PASS" starttime="20201105 11:50:05.684" endtime="20201105 11:50:05.765"></status>
</kw>
<kw name="Click Button" library="SeleniumLibrary">
<doc>Clicks the button identified by ``locator``.</doc>
<arguments>
<arg>${APPLY LOAN BUTTON}</arg>
</arguments>
<msg timestamp="20201105 11:50:05.766" level="INFO">Clicking button '//input[@type='submit']'.</msg>
<status status="PASS" starttime="20201105 11:50:05.766" endtime="20201105 11:50:05.819"></status>
</kw>
<kw name="Wait Until Element Is Visible" library="SeleniumLibrary">
<doc>Waits until the element ``locator`` is visible.</doc>
<arguments>
<arg>${LOAN FAIL TEXT}</arg>
</arguments>
<status status="PASS" starttime="20201105 11:50:05.820" endtime="20201105 11:50:06.254"></status>
</kw>
<status status="PASS" starttime="20201105 11:50:05.262" endtime="20201105 11:50:06.255"></status>
</kw>
<status status="PASS" starttime="20201105 11:50:04.191" endtime="20201105 11:50:06.255" critical="yes"></status>
</test>
<test id="s1-t8" name="Transfer funds to different account">
<kw name="Transfer funds" library="keywords">
<kw name="Click Link" library="SeleniumLibrary">
<doc>Clicks a link identified by ``locator``.</doc>
<arguments>
<arg>${TRANSFER FUNDS LINK}</arg>
</arguments>
<msg timestamp="20201105 11:50:06.258" level="INFO">Clicking link '//ul/li/a[text()='Transfer Funds']'.</msg>
<status status="PASS" starttime="20201105 11:50:06.258" endtime="20201105 11:50:07.196"></status>
</kw>
<kw name="Sleep" library="BuiltIn">
<doc>Pauses the test executed for the given time.</doc>
<arguments>
<arg>0.5s</arg>
</arguments>
<msg timestamp="20201105 11:50:07.698" level="INFO">Slept 500 milliseconds</msg>
<status status="PASS" starttime="20201105 11:50:07.196" endtime="20201105 11:50:07.698"></status>
</kw>
<kw name="Wait Until Element Is Visible" library="SeleniumLibrary">
<doc>Waits until the element ``locator`` is visible.</doc>
<arguments>
<arg>${TRANSFER FUNDS TITLE}</arg>
</arguments>
<status status="PASS" starttime="20201105 11:50:07.698" endtime="20201105 11:50:07.721"></status>
</kw>
<kw name="Input Text" library="SeleniumLibrary">
<doc>Types the given ``text`` into the text field identified by ``locator``.</doc>
<arguments>
<arg>${TRANSFER AMOUNT}</arg>
<arg>50</arg>
</arguments>
<msg timestamp="20201105 11:50:07.722" level="INFO">Typing text '50' into text field '//input[@id='amount']'.</msg>
<status status="PASS" starttime="20201105 11:50:07.721" endtime="20201105 11:50:07.812"></status>
</kw>
<kw name="Click Element" library="SeleniumLibrary">
<doc>Click the element identified by ``locator``.</doc>
<arguments>
<arg>${TRANSFER TO SELECTOR}</arg>
</arguments>
<msg timestamp="20201105 11:50:07.812" level="INFO">Clicking element '//select[@id='toAccountId']'.</msg>
<status status="PASS" starttime="20201105 11:50:07.812" endtime="20201105 11:50:07.934"></status>
</kw>
<kw name="Wait Until Element Is Visible" library="SeleniumLibrary">
<doc>Waits until the element ``locator`` is visible.</doc>
<arguments>
<arg>//select[@id='toAccountId']/option[@value=${ACCOUNT NUMBER}]</arg>
</arguments>
<status status="PASS" starttime="20201105 11:50:07.935" endtime="20201105 11:50:07.967"></status>
</kw>
<kw name="Click Element" library="SeleniumLibrary">
<doc>Click the element identified by ``locator``.</doc>
<arguments>
<arg>//select[@id='toAccountId']/option[@value=${ACCOUNT NUMBER}]</arg>
</arguments>
<msg timestamp="20201105 11:50:07.968" level="INFO">Clicking element '//select[@id='toAccountId']/option[@value=17229]'.</msg>
<status status="PASS" starttime="20201105 11:50:07.967" endtime="20201105 11:50:08.041"></status>
</kw>
<kw name="Click Button" library="SeleniumLibrary">
<doc>Clicks the button identified by ``locator``.</doc>
<arguments>
<arg>${TRANSFER BUTTON}</arg>
</arguments>
<msg timestamp="20201105 11:50:08.041" level="INFO">Clicking button '//input[@type='submit']'.</msg>
<status status="PASS" starttime="20201105 11:50:08.041" endtime="20201105 11:50:08.130"></status>
</kw>
<kw name="Wait Until Element Is Visible" library="SeleniumLibrary">
<doc>Waits until the element ``locator`` is visible.</doc>
<arguments>
<arg>${FUNDS TRANSFERED TITLE}</arg>
</arguments>
<status status="PASS" starttime="20201105 11:50:08.131" endtime="20201105 11:50:08.578"></status>
</kw>
<status status="PASS" starttime="20201105 11:50:06.258" endtime="20201105 11:50:08.578"></status>
</kw>
<kw name="Transfer negative funds" library="keywords">
<kw name="Click Link" library="SeleniumLibrary">
<doc>Clicks a link identified by ``locator``.</doc>
<arguments>
<arg>${TRANSFER FUNDS LINK}</arg>
</arguments>
<msg timestamp="20201105 11:50:08.579" level="INFO">Clicking link '//ul/li/a[text()='Transfer Funds']'.</msg>
<status status="PASS" starttime="20201105 11:50:08.579" endtime="20201105 11:50:08.919"></status>
</kw>
<kw name="Sleep" library="BuiltIn">
<doc>Pauses the test executed for the given time.</doc>
<arguments>
<arg>0.5s</arg>
</arguments>
<msg timestamp="20201105 11:50:09.421" level="INFO">Slept 500 milliseconds</msg>
<status status="PASS" starttime="20201105 11:50:08.919" endtime="20201105 11:50:09.421"></status>
</kw>
<kw name="Wait Until Element Is Visible" library="SeleniumLibrary">
<doc>Waits until the element ``locator`` is visible.</doc>
<arguments>
<arg>${TRANSFER FUNDS TITLE}</arg>
</arguments>
<status status="PASS" starttime="20201105 11:50:09.421" endtime="20201105 11:50:09.442"></status>
</kw>
<kw name="Input Text" library="SeleniumLibrary">
<doc>Types the given ``text`` into the text field identified by ``locator``.</doc>
<arguments>
<arg>${TRANSFER AMOUNT}</arg>
<arg>-100</arg>
</arguments>
<msg timestamp="20201105 11:50:09.442" level="INFO">Typing text '-100' into text field '//input[@id='amount']'.</msg>
<status status="PASS" starttime="20201105 11:50:09.442" endtime="20201105 11:50:09.522"></status>
</kw>
<kw name="Click Element" library="SeleniumLibrary">
<doc>Click the element identified by ``locator``.</doc>
<arguments>
<arg>${TRANSFER TO SELECTOR}</arg>
</arguments>
<msg timestamp="20201105 11:50:09.522" level="INFO">Clicking element '//select[@id='toAccountId']'.</msg>
<status status="PASS" starttime="20201105 11:50:09.522" endtime="20201105 11:50:09.598"></status>
</kw>
<kw name="Wait Until Element Is Visible" library="SeleniumLibrary">
<doc>Waits until the element ``locator`` is visible.</doc>
<arguments>
<arg>//select[@id='toAccountId']/option[@value=${ACCOUNT NUMBER}]</arg>
</arguments>
<status status="PASS" starttime="20201105 11:50:09.599" endtime="20201105 11:50:09.618"></status>
</kw>
<kw name="Click Element" library="SeleniumLibrary">
<doc>Click the element identified by ``locator``.</doc>
<arguments>
<arg>//select[@id='toAccountId']/option[@value=${ACCOUNT NUMBER}]</arg>
</arguments>
<msg timestamp="20201105 11:50:09.618" level="INFO">Clicking element '//select[@id='toAccountId']/option[@value=17229]'.</msg>
<status status="PASS" starttime="20201105 11:50:09.618" endtime="20201105 11:50:09.644"></status>
</kw>
<kw name="Click Button" library="SeleniumLibrary">
<doc>Clicks the button identified by ``locator``.</doc>
<arguments>
<arg>${TRANSFER BUTTON}</arg>
</arguments>
<msg timestamp="20201105 11:50:09.644" level="INFO">Clicking button '//input[@type='submit']'.</msg>
<status status="PASS" starttime="20201105 11:50:09.644" endtime="20201105 11:50:09.717"></status>
</kw>
<kw name="Wait Until Element Is Visible" library="SeleniumLibrary">
<doc>Waits until the element ``locator`` is visible.</doc>
<arguments>
<arg>${FUNDS TRANSFERED TITLE}</arg>
</arguments>
<status status="PASS" starttime="20201105 11:50:09.717" endtime="20201105 11:50:10.163"></status>
</kw>
<status status="PASS" starttime="20201105 11:50:08.579" endtime="20201105 11:50:10.164"></status>
</kw>
<kw name="Transfer too many funds" library="keywords">
<kw name="Click Link" library="SeleniumLibrary">
<doc>Clicks a link identified by ``locator``.</doc>
<arguments>
<arg>${TRANSFER FUNDS LINK}</arg>
</arguments>
<msg timestamp="20201105 11:50:10.165" level="INFO">Clicking link '//ul/li/a[text()='Transfer Funds']'.</msg>
<status status="PASS" starttime="20201105 11:50:10.165" endtime="20201105 11:50:10.488"></status>
</kw>
<kw name="Sleep" library="BuiltIn">
<doc>Pauses the test executed for the given time.</doc>
<arguments>
<arg>0.5s</arg>
</arguments>
<msg timestamp="20201105 11:50:10.989" level="INFO">Slept 500 milliseconds</msg>
<status status="PASS" starttime="20201105 11:50:10.488" endtime="20201105 11:50:10.989"></status>
</kw>
<kw name="Wait Until Element Is Visible" library="SeleniumLibrary">
<doc>Waits until the element ``locator`` is visible.</doc>
<arguments>
<arg>${TRANSFER FUNDS TITLE}</arg>
</arguments>
<status status="PASS" starttime="20201105 11:50:10.989" endtime="20201105 11:50:11.066"></status>
</kw>
<kw name="Input Text" library="SeleniumLibrary">
<doc>Types the given ``text`` into the text field identified by ``locator``.</doc>
<arguments>
<arg>${TRANSFER AMOUNT}</arg>
<arg>100000</arg>
</arguments>
<msg timestamp="20201105 11:50:11.066" level="INFO">Typing text '100000' into text field '//input[@id='amount']'.</msg>
<status status="PASS" starttime="20201105 11:50:11.066" endtime="20201105 11:50:11.163"></status>
</kw>
<kw name="Click Element" library="SeleniumLibrary">
<doc>Click the element identified by ``locator``.</doc>
<arguments>
<arg>${TRANSFER TO SELECTOR}</arg>
</arguments>
<msg timestamp="20201105 11:50:11.163" level="INFO">Clicking element '//select[@id='toAccountId']'.</msg>
<status status="PASS" starttime="20201105 11:50:11.163" endtime="20201105 11:50:11.236"></status>
</kw>
<kw name="Wait Until Element Is Visible" library="SeleniumLibrary">
<doc>Waits until the element ``locator`` is visible.</doc>
<arguments>
<arg>//select[@id='toAccountId']/option[@value=${ACCOUNT NUMBER}]</arg>
</arguments>
<status status="PASS" starttime="20201105 11:50:11.237" endtime="20201105 11:50:11.266"></status>
</kw>
<kw name="Click Element" library="SeleniumLibrary">
<doc>Click the element identified by ``locator``.</doc>
<arguments>
<arg>//select[@id='toAccountId']/option[@value=${ACCOUNT NUMBER}]</arg>
</arguments>
<msg timestamp="20201105 11:50:11.266" level="INFO">Clicking element '//select[@id='toAccountId']/option[@value=17229]'.</msg>
<status status="PASS" starttime="20201105 11:50:11.266" endtime="20201105 11:50:11.300"></status>
</kw>
<kw name="Click Button" library="SeleniumLibrary">
<doc>Clicks the button identified by ``locator``.</doc>
<arguments>
<arg>${TRANSFER BUTTON}</arg>
</arguments>
<msg timestamp="20201105 11:50:11.301" level="INFO">Clicking button '//input[@type='submit']'.</msg>
<status status="PASS" starttime="20201105 11:50:11.301" endtime="20201105 11:50:11.358"></status>
</kw>
<kw name="Wait Until Element Is Visible" library="SeleniumLibrary">
<doc>Waits until the element ``locator`` is visible.</doc>
<arguments>
<arg>${FUNDS TRANSFERED TITLE}</arg>
</arguments>
<status status="PASS" starttime="20201105 11:50:11.358" endtime="20201105 11:50:11.826"></status>
</kw>
<status status="PASS" starttime="20201105 11:50:10.164" endtime="20201105 11:50:11.826"></status>
</kw>
<status status="PASS" starttime="20201105 11:50:06.257" endtime="20201105 11:50:11.829" critical="yes"></status>
</test>
<test id="s1-t9" name="Account Username &amp; Password:">
<kw name="Username and Password" library="keywords">
<kw name="Log" library="BuiltIn">
<doc>Logs the given message with the given level.</doc>
<arguments>
<arg>${GENERATE USERNAME}</arg>
</arguments>
<msg timestamp="20201105 11:50:11.832" level="INFO">Riitta</msg>
<status status="PASS" starttime="20201105 11:50:11.832" endtime="20201105 11:50:11.833"></status>
</kw>
<kw name="Log" library="BuiltIn">
<doc>Logs the given message with the given level.</doc>
<arguments>
<arg>${GENERATE PASSWORD}</arg>
</arguments>
<msg timestamp="20201105 11:50:11.833" level="INFO">2616243838</msg>
<status status="PASS" starttime="20201105 11:50:11.833" endtime="20201105 11:50:11.833"></status>
</kw>
<status status="PASS" starttime="20201105 11:50:11.832" endtime="20201105 11:50:11.833"></status>
</kw>
<status status="PASS" starttime="20201105 11:50:11.831" endtime="20201105 11:50:11.838" critical="yes"></status>
</test>
<kw name="Close browser when done" library="keywords" type="teardown">
<kw name="Close Browser" library="SeleniumLibrary">
<doc>Closes the current browser.</doc>
<status status="PASS" starttime="20201105 11:50:11.841" endtime="20201105 11:50:14.112"></status>
</kw>
<status status="PASS" starttime="20201105 11:50:11.841" endtime="20201105 11:50:14.112"></status>
</kw>
<status status="PASS" starttime="20201105 11:49:45.807" endtime="20201105 11:50:14.112"></status>
</suite>
<statistics>
<total>
<stat pass="9" fail="0">Critical Tests</stat>
<stat pass="9" fail="0">All Tests</stat>
</total>
<tag>
</tag>
<suite>
<stat pass="9" fail="0" id="s1" name="Test">Test</stat>
</suite>
</statistics>
<errors>
</errors>
</robot>
